c:\users\mello\desktop\aaaoblauncher\modern oblivion launcher\modern o.f4b63da2\x64\debug\vc143.pdb
c:\users\mello\desktop\aaaoblauncher\modern oblivion launcher\modern o.f4b63da2\x64\debug\vc143.idb
c:\users\mello\desktop\aaaoblauncher\modern oblivion launcher\modern o.f4b63da2\x64\debug\launchmain.obj
c:\users\mello\desktop\aaaoblauncher\modern oblivion launcher\modern o.f4b63da2\x64\debug\inioblivion.obj
c:\users\mello\desktop\aaaoblauncher\modern oblivion launcher\modern o.f4b63da2\x64\debug\datafileswindow.obj
c:\users\mello\desktop\aaaoblauncher\modern oblivion launcher\x64\debug\modern oblivion launcher.exe
c:\users\mello\desktop\aaaoblauncher\modern oblivion launcher\x64\debug\modern oblivion launcher.pdb
c:\users\mello\desktop\aaaoblauncher\modern oblivion launcher\modern o.f4b63da2\x64\debug\resource.res
c:\users\mello\desktop\aaaoblauncher\modern oblivion launcher\modern o.f4b63da2\x64\debug\modern oblivion launcher.ilk
c:\users\mello\desktop\aaaoblauncher\modern oblivion launcher\modern o.f4b63da2\x64\debug\modern o.f4b63da2.tlog\cl.command.1.tlog
c:\users\mello\desktop\aaaoblauncher\modern oblivion launcher\modern o.f4b63da2\x64\debug\modern o.f4b63da2.tlog\cl.items.tlog
c:\users\mello\desktop\aaaoblauncher\modern oblivion launcher\modern o.f4b63da2\x64\debug\modern o.f4b63da2.tlog\cl.read.1.tlog
c:\users\mello\desktop\aaaoblauncher\modern oblivion launcher\modern o.f4b63da2\x64\debug\modern o.f4b63da2.tlog\cl.write.1.tlog
c:\users\mello\desktop\aaaoblauncher\modern oblivion launcher\modern o.f4b63da2\x64\debug\modern o.f4b63da2.tlog\link.command.1.tlog
c:\users\mello\desktop\aaaoblauncher\modern oblivion launcher\modern o.f4b63da2\x64\debug\modern o.f4b63da2.tlog\link.read.1.tlog
c:\users\mello\desktop\aaaoblauncher\modern oblivion launcher\modern o.f4b63da2\x64\debug\modern o.f4b63da2.tlog\link.secondary.1.tlog
c:\users\mello\desktop\aaaoblauncher\modern oblivion launcher\modern o.f4b63da2\x64\debug\modern o.f4b63da2.tlog\link.write.1.tlog
c:\users\mello\desktop\aaaoblauncher\modern oblivion launcher\modern o.f4b63da2\x64\debug\modern o.f4b63da2.tlog\rc.command.1.tlog
c:\users\mello\desktop\aaaoblauncher\modern oblivion launcher\modern o.f4b63da2\x64\debug\modern o.f4b63da2.tlog\rc.read.1.tlog
c:\users\mello\desktop\aaaoblauncher\modern oblivion launcher\modern o.f4b63da2\x64\debug\modern o.f4b63da2.tlog\rc.write.1.tlog
